Base path: 'D:/2020.2.1f1/Editor/Data', plugins path 'D:/2020.2.1f1/Editor/Data/PlaybackEngines'
Cmd: initializeCompiler
Cmd: compileComputeKernel
  api=4 insize=104862 outsize=9170 ok=1
Cmd: compileComputeKernel
  api=4 insize=395 outsize=525 ok=1
Cmd: compileComputeKernel
  api=4 insize=90957 outsize=471 ok=1
Cmd: compileComputeKernel
  api=4 insize=72381 outsize=994 ok=1
Cmd: compileComputeKernel
  api=4 insize=423441 outsize=18253 ok=1
Cmd: compileComputeKernel
  api=4 insize=423441 outsize=48888 ok=1
Cmd: compileComputeKernel
  api=4 insize=423443 outsize=53911 ok=1
Cmd: compileComputeKernel
  api=4 insize=423443 outsize=38150 ok=1
Cmd: compileComputeKernel
  api=4 insize=423443 outsize=44954 ok=1
Cmd: compileComputeKernel
  api=4 insize=423443 outsize=36594 ok=1
Cmd: compileComputeKernel
  api=4 insize=116035 outsize=9045 ok=1

Quitting shader compiler process
